{"C:\\Users\\edugr\\OneDrive\\Documents\\Pessoal\\Curso\\Edu\\JSExpert\\modulo07\\structural\\05-adapter\\src\\business\\adapters\\rickAndMortyBRLAdapter.js": {"path":"C:\\Users\\edugr\\OneDrive\\Documents\\Pessoal\\Curso\\Edu\\JSExpert\\modulo07\\structural\\05-adapter\\src\\business\\adapters\\rickAndMortyBRLAdapter.js","all":false,"statementMap":{"0":{"start":{"line":1,"column":0},"end":{"line":1,"column":62}},"1":{"start":{"line":2,"column":0},"end":{"line":2,"column":0}},"2":{"start":{"line":3,"column":0},"end":{"line":3,"column":0}},"3":{"start":{"line":4,"column":0},"end":{"line":4,"column":45}},"4":{"start":{"line":5,"column":0},"end":{"line":5,"column":34}},"5":{"start":{"line":6,"column":0},"end":{"line":6,"column":54}},"6":{"start":{"line":7,"column":0},"end":{"line":7,"column":5}},"7":{"start":{"line":8,"column":0},"end":{"line":8,"column":1}}},"s":{"0":1,"1":1,"2":1,"3":1,"4":1,"5":1,"6":1,"7":1},"branchMap":{"0":{"type":"branch","line":1,"loc":{"start":{"line":1,"column":28},"end":{"line":4,"column":45}},"locations":[{"start":{"line":1,"column":28},"end":{"line":4,"column":45}}]}},"b":{"0":[1]},"fnMap":{"0":{"name":"getCharacters","decl":{"start":{"line":1,"column":28},"end":{"line":4,"column":45}},"loc":{"start":{"line":1,"column":28},"end":{"line":4,"column":45}},"line":1}},"f":{"0":1}}
,"C:\\Users\\edugr\\OneDrive\\Documents\\Pessoal\\Curso\\Edu\\JSExpert\\modulo07\\structural\\05-adapter\\src\\business\\adapters\\rickAndMortyUSAAdapter.js": {"path":"C:\\Users\\edugr\\OneDrive\\Documents\\Pessoal\\Curso\\Edu\\JSExpert\\modulo07\\structural\\05-adapter\\src\\business\\adapters\\rickAndMortyUSAAdapter.js","all":false,"statementMap":{"0":{"start":{"line":1,"column":0},"end":{"line":1,"column":62}},"1":{"start":{"line":2,"column":0},"end":{"line":2,"column":0}},"2":{"start":{"line":3,"column":0},"end":{"line":3,"column":0}},"3":{"start":{"line":4,"column":0},"end":{"line":4,"column":45}},"4":{"start":{"line":5,"column":0},"end":{"line":5,"column":34}},"5":{"start":{"line":6,"column":0},"end":{"line":6,"column":53}},"6":{"start":{"line":7,"column":0},"end":{"line":7,"column":5}},"7":{"start":{"line":8,"column":0},"end":{"line":8,"column":1}}},"s":{"0":1,"1":1,"2":1,"3":1,"4":1,"5":1,"6":1,"7":1},"branchMap":{"0":{"type":"branch","line":1,"loc":{"start":{"line":1,"column":28},"end":{"line":4,"column":44}},"locations":[{"start":{"line":1,"column":28},"end":{"line":4,"column":44}}]}},"b":{"0":[1]},"fnMap":{"0":{"name":"getCharacters","decl":{"start":{"line":1,"column":28},"end":{"line":4,"column":44}},"loc":{"start":{"line":1,"column":28},"end":{"line":4,"column":44}},"line":1}},"f":{"0":1}}
,"C:\\Users\\edugr\\OneDrive\\Documents\\Pessoal\\Curso\\Edu\\JSExpert\\modulo07\\structural\\05-adapter\\src\\business\\integrations\\rickAndMortyBRL.js": {"path":"C:\\Users\\edugr\\OneDrive\\Documents\\Pessoal\\Curso\\Edu\\JSExpert\\modulo07\\structural\\05-adapter\\src\\business\\integrations\\rickAndMortyBRL.js","all":false,"statementMap":{"0":{"start":{"line":1,"column":0},"end":{"line":1,"column":25}},"1":{"start":{"line":2,"column":0},"end":{"line":2,"column":51}},"2":{"start":{"line":3,"column":0},"end":{"line":3,"column":169}},"3":{"start":{"line":4,"column":0},"end":{"line":4,"column":0}},"4":{"start":{"line":5,"column":0},"end":{"line":5,"column":38}},"5":{"start":{"line":6,"column":0},"end":{"line":6,"column":42}},"6":{"start":{"line":7,"column":0},"end":{"line":7,"column":63}},"7":{"start":{"line":8,"column":0},"end":{"line":8,"column":0}},"8":{"start":{"line":9,"column":0},"end":{"line":9,"column":55}},"9":{"start":{"line":10,"column":0},"end":{"line":10,"column":5}},"10":{"start":{"line":11,"column":0},"end":{"line":11,"column":1}}},"s":{"0":1,"1":1,"2":1,"3":2,"4":2,"5":2,"6":1,"7":1,"8":1,"9":1,"10":1},"branchMap":{"0":{"type":"branch","line":3,"loc":{"start":{"line":3,"column":12},"end":{"line":7,"column":39}},"locations":[{"start":{"line":3,"column":12},"end":{"line":7,"column":39}}]},"1":{"type":"branch","line":7,"loc":{"start":{"line":7,"column":16},"end":{"line":7,"column":37}},"locations":[{"start":{"line":7,"column":16},"end":{"line":7,"column":37}}]}},"b":{"0":[2],"1":[1]},"fnMap":{"0":{"name":"getCharactersFromJSON","decl":{"start":{"line":3,"column":12},"end":{"line":7,"column":39}},"loc":{"start":{"line":3,"column":12},"end":{"line":7,"column":39}},"line":3}},"f":{"0":2}}
,"C:\\Users\\edugr\\OneDrive\\Documents\\Pessoal\\Curso\\Edu\\JSExpert\\modulo07\\structural\\05-adapter\\src\\business\\integrations\\rickAndMortyUSA.js": {"path":"C:\\Users\\edugr\\OneDrive\\Documents\\Pessoal\\Curso\\Edu\\JSExpert\\modulo07\\structural\\05-adapter\\src\\business\\integrations\\rickAndMortyUSA.js","all":false,"statementMap":{"0":{"start":{"line":1,"column":0},"end":{"line":1,"column":25}},"1":{"start":{"line":2,"column":0},"end":{"line":2,"column":43}},"2":{"start":{"line":3,"column":0},"end":{"line":3,"column":51}},"3":{"start":{"line":4,"column":0},"end":{"line":4,"column":0}},"4":{"start":{"line":5,"column":0},"end":{"line":5,"column":168}},"5":{"start":{"line":6,"column":0},"end":{"line":6,"column":38}},"6":{"start":{"line":7,"column":0},"end":{"line":7,"column":41}},"7":{"start":{"line":8,"column":0},"end":{"line":8,"column":45}},"8":{"start":{"line":9,"column":0},"end":{"line":9,"column":25}},"9":{"start":{"line":10,"column":0},"end":{"line":10,"column":32}},"10":{"start":{"line":11,"column":0},"end":{"line":11,"column":32}},"11":{"start":{"line":12,"column":0},"end":{"line":12,"column":9}},"12":{"start":{"line":13,"column":0},"end":{"line":13,"column":0}},"13":{"start":{"line":14,"column":0},"end":{"line":14,"column":93}},"14":{"start":{"line":15,"column":0},"end":{"line":15,"column":74}},"15":{"start":{"line":16,"column":0},"end":{"line":16,"column":0}},"16":{"start":{"line":17,"column":0},"end":{"line":17,"column":61}},"17":{"start":{"line":18,"column":0},"end":{"line":18,"column":5}},"18":{"start":{"line":19,"column":0},"end":{"line":19,"column":1}}},"s":{"0":1,"1":1,"2":1,"3":1,"4":1,"5":2,"6":2,"7":2,"8":2,"9":2,"10":2,"11":2,"12":2,"13":2,"14":1,"15":1,"16":1,"17":1,"18":1},"branchMap":{"0":{"type":"branch","line":5,"loc":{"start":{"line":5,"column":12},"end":{"line":15,"column":51}},"locations":[{"start":{"line":5,"column":12},"end":{"line":15,"column":51}}]},"1":{"type":"branch","line":14,"loc":{"start":{"line":14,"column":54},"end":{"line":14,"column":78}},"locations":[{"start":{"line":14,"column":54},"end":{"line":14,"column":78}}]},"2":{"type":"branch","line":14,"loc":{"start":{"line":14,"column":60},"end":{"line":14,"column":78}},"locations":[{"start":{"line":14,"column":60},"end":{"line":14,"column":78}}]},"3":{"type":"branch","line":15,"loc":{"start":{"line":15,"column":14},"end":{"line":15,"column":43}},"locations":[{"start":{"line":15,"column":14},"end":{"line":15,"column":43}}]}},"b":{"0":[2],"1":[1],"2":[1],"3":[1]},"fnMap":{"0":{"name":"getCharactersFromXML","decl":{"start":{"line":5,"column":12},"end":{"line":15,"column":51}},"loc":{"start":{"line":5,"column":12},"end":{"line":15,"column":51}},"line":5}},"f":{"0":2}}
,"C:\\Users\\edugr\\OneDrive\\Documents\\Pessoal\\Curso\\Edu\\JSExpert\\modulo07\\structural\\05-adapter\\src\\entities\\character.js": {"path":"C:\\Users\\edugr\\OneDrive\\Documents\\Pessoal\\Curso\\Edu\\JSExpert\\modulo07\\structural\\05-adapter\\src\\entities\\character.js","all":false,"statementMap":{"0":{"start":{"line":1,"column":0},"end":{"line":1,"column":0}},"1":{"start":{"line":2,"column":0},"end":{"line":2,"column":0}},"2":{"start":{"line":3,"column":0},"end":{"line":3,"column":0}},"3":{"start":{"line":4,"column":0},"end":{"line":4,"column":32}},"4":{"start":{"line":5,"column":0},"end":{"line":5,"column":78}},"5":{"start":{"line":6,"column":0},"end":{"line":6,"column":20}},"6":{"start":{"line":7,"column":0},"end":{"line":7,"column":24}},"7":{"start":{"line":8,"column":0},"end":{"line":8,"column":28}},"8":{"start":{"line":9,"column":0},"end":{"line":9,"column":30}},"9":{"start":{"line":10,"column":0},"end":{"line":10,"column":24}},"10":{"start":{"line":11,"column":0},"end":{"line":11,"column":28}},"11":{"start":{"line":12,"column":0},"end":{"line":12,"column":34}},"12":{"start":{"line":13,"column":0},"end":{"line":13,"column":38}},"13":{"start":{"line":14,"column":0},"end":{"line":14,"column":5}},"14":{"start":{"line":15,"column":0},"end":{"line":15,"column":1}}},"s":{"0":1,"1":1,"2":1,"3":3,"4":3,"5":3,"6":3,"7":3,"8":3,"9":3,"10":1,"11":1,"12":1,"13":1,"14":1},"branchMap":{"0":{"type":"branch","line":4,"loc":{"start":{"line":4,"column":0},"end":{"line":11,"column":12}},"locations":[{"start":{"line":4,"column":0},"end":{"line":11,"column":12}}]}},"b":{"0":[3]},"fnMap":{"0":{"name":"Character","decl":{"start":{"line":4,"column":0},"end":{"line":11,"column":12}},"loc":{"start":{"line":4,"column":0},"end":{"line":11,"column":12}},"line":4}},"f":{"0":3}}
}
