{"C:\\Users\\edugr\\OneDrive\\Documents\\Pessoal\\Curso\\Edu\\JSExpert\\modulo07\\behavioral\\03.template-method\\src\\business\\orderBusiness.js": {"path":"C:\\Users\\edugr\\OneDrive\\Documents\\Pessoal\\Curso\\Edu\\JSExpert\\modulo07\\behavioral\\03.template-method\\src\\business\\orderBusiness.js","all":false,"statementMap":{"0":{"start":{"line":1,"column":0},"end":{"line":1,"column":50}},"1":{"start":{"line":2,"column":0},"end":{"line":2,"column":0}},"2":{"start":{"line":3,"column":0},"end":{"line":3,"column":0}},"3":{"start":{"line":4,"column":0},"end":{"line":4,"column":57}},"4":{"start":{"line":5,"column":0},"end":{"line":5,"column":22}},"5":{"start":{"line":6,"column":0},"end":{"line":6,"column":35}},"6":{"start":{"line":7,"column":0},"end":{"line":7,"column":54}},"7":{"start":{"line":8,"column":0},"end":{"line":8,"column":5}},"8":{"start":{"line":9,"column":0},"end":{"line":9,"column":0}},"9":{"start":{"line":10,"column":0},"end":{"line":10,"column":19}},"10":{"start":{"line":11,"column":0},"end":{"line":11,"column":29}},"11":{"start":{"line":12,"column":0},"end":{"line":12,"column":19}},"12":{"start":{"line":13,"column":0},"end":{"line":13,"column":5}},"13":{"start":{"line":14,"column":0},"end":{"line":14,"column":1}}},"s":{"0":1,"1":2,"2":2,"3":2,"4":2,"5":1,"6":1,"7":1,"8":1,"9":1,"10":1,"11":1,"12":1,"13":1},"branchMap":{"0":{"type":"branch","line":1,"loc":{"start":{"line":1,"column":19},"end":{"line":1,"column":49}},"locations":[{"start":{"line":1,"column":19},"end":{"line":1,"column":49}}]},"1":{"type":"branch","line":1,"loc":{"start":{"line":1,"column":25},"end":{"line":6,"column":27}},"locations":[{"start":{"line":1,"column":25},"end":{"line":6,"column":27}}]},"2":{"type":"branch","line":6,"loc":{"start":{"line":6,"column":4},"end":{"line":7,"column":38}},"locations":[{"start":{"line":6,"column":4},"end":{"line":7,"column":38}}]}},"b":{"0":[2],"1":[2],"2":[2]},"fnMap":{"0":{"name":"<instance_members_initializer>","decl":{"start":{"line":1,"column":19},"end":{"line":1,"column":49}},"loc":{"start":{"line":1,"column":19},"end":{"line":1,"column":49}},"line":1},"1":{"name":"_validateRequiredFields","decl":{"start":{"line":1,"column":25},"end":{"line":6,"column":27}},"loc":{"start":{"line":1,"column":25},"end":{"line":6,"column":27}},"line":1},"2":{"name":"_create","decl":{"start":{"line":6,"column":4},"end":{"line":7,"column":38}},"loc":{"start":{"line":6,"column":4},"end":{"line":7,"column":38}},"line":6}},"f":{"0":2,"1":2,"2":2}}
,"C:\\Users\\edugr\\OneDrive\\Documents\\Pessoal\\Curso\\Edu\\JSExpert\\modulo07\\behavioral\\03.template-method\\src\\business\\base\\baseBusiness.js": {"path":"C:\\Users\\edugr\\OneDrive\\Documents\\Pessoal\\Curso\\Edu\\JSExpert\\modulo07\\behavioral\\03.template-method\\src\\business\\base\\baseBusiness.js","all":false,"statementMap":{"0":{"start":{"line":1,"column":0},"end":{"line":1,"column":63}},"1":{"start":{"line":2,"column":0},"end":{"line":2,"column":0}},"2":{"start":{"line":3,"column":0},"end":{"line":3,"column":35}},"3":{"start":{"line":4,"column":0},"end":{"line":4,"column":35}},"4":{"start":{"line":5,"column":0},"end":{"line":5,"column":42}},"5":{"start":{"line":6,"column":0},"end":{"line":6,"column":45}},"6":{"start":{"line":7,"column":0},"end":{"line":7,"column":9}},"7":{"start":{"line":8,"column":0},"end":{"line":8,"column":5}},"8":{"start":{"line":9,"column":0},"end":{"line":9,"column":0}},"9":{"start":{"line":10,"column":0},"end":{"line":10,"column":19}},"10":{"start":{"line":11,"column":0},"end":{"line":11,"column":42}},"11":{"start":{"line":12,"column":0},"end":{"line":12,"column":29}},"12":{"start":{"line":13,"column":0},"end":{"line":13,"column":9}},"13":{"start":{"line":14,"column":0},"end":{"line":14,"column":5}},"14":{"start":{"line":15,"column":0},"end":{"line":15,"column":6}},"15":{"start":{"line":16,"column":0},"end":{"line":16,"column":27}},"16":{"start":{"line":17,"column":0},"end":{"line":17,"column":96}},"17":{"start":{"line":18,"column":0},"end":{"line":18,"column":0}},"18":{"start":{"line":19,"column":0},"end":{"line":19,"column":60}},"19":{"start":{"line":20,"column":0},"end":{"line":20,"column":6}},"20":{"start":{"line":21,"column":0},"end":{"line":21,"column":0}},"21":{"start":{"line":22,"column":0},"end":{"line":22,"column":18}},"22":{"start":{"line":23,"column":0},"end":{"line":23,"column":25}},"23":{"start":{"line":24,"column":0},"end":{"line":24,"column":26}},"24":{"start":{"line":25,"column":0},"end":{"line":25,"column":58}},"25":{"start":{"line":26,"column":0},"end":{"line":26,"column":53}},"26":{"start":{"line":27,"column":0},"end":{"line":27,"column":0}},"27":{"start":{"line":28,"column":0},"end":{"line":28,"column":33}},"28":{"start":{"line":29,"column":0},"end":{"line":29,"column":5}},"29":{"start":{"line":30,"column":0},"end":{"line":30,"column":1}}},"s":{"0":1,"1":1,"2":1,"3":1,"4":1,"5":1,"6":1,"7":1,"8":1,"9":1,"10":1,"11":1,"12":1,"13":1,"14":1,"15":1,"16":5,"17":5,"18":5,"19":5,"20":5,"21":5,"22":5,"23":5,"24":1,"25":1,"26":1,"27":1,"28":1,"29":1},"branchMap":{"0":{"type":"branch","line":1,"loc":{"start":{"line":1,"column":9},"end":{"line":4,"column":27}},"locations":[{"start":{"line":1,"column":9},"end":{"line":4,"column":27}}]},"1":{"type":"branch","line":4,"loc":{"start":{"line":4,"column":27},"end":{"line":6,"column":45}},"locations":[{"start":{"line":4,"column":27},"end":{"line":6,"column":45}}]},"2":{"type":"branch","line":17,"loc":{"start":{"line":17,"column":0},"end":{"line":25,"column":57}},"locations":[{"start":{"line":17,"column":0},"end":{"line":25,"column":57}}]},"3":{"type":"branch","line":24,"loc":{"start":{"line":24,"column":8},"end":{"line":25,"column":24}},"locations":[{"start":{"line":24,"column":8},"end":{"line":25,"column":24}}]},"4":{"type":"branch","line":25,"loc":{"start":{"line":25,"column":21},"end":{"line":25,"column":57}},"locations":[{"start":{"line":25,"column":21},"end":{"line":25,"column":57}}]}},"b":{"0":[1],"1":[1],"2":[5],"3":[1],"4":[3]},"fnMap":{"0":{"name":"_validateRequiredFields","decl":{"start":{"line":1,"column":9},"end":{"line":4,"column":27}},"loc":{"start":{"line":1,"column":9},"end":{"line":4,"column":27}},"line":1},"1":{"name":"_create","decl":{"start":{"line":4,"column":27},"end":{"line":6,"column":45}},"loc":{"start":{"line":4,"column":27},"end":{"line":6,"column":45}},"line":4},"2":{"name":"create","decl":{"start":{"line":17,"column":0},"end":{"line":25,"column":57}},"loc":{"start":{"line":17,"column":0},"end":{"line":25,"column":57}},"line":17}},"f":{"0":1,"1":1,"2":5}}
,"C:\\Users\\edugr\\OneDrive\\Documents\\Pessoal\\Curso\\Edu\\JSExpert\\modulo07\\behavioral\\03.template-method\\src\\entities\\order.js": {"path":"C:\\Users\\edugr\\OneDrive\\Documents\\Pessoal\\Curso\\Edu\\JSExpert\\modulo07\\behavioral\\03.template-method\\src\\entities\\order.js","all":false,"statementMap":{"0":{"start":{"line":1,"column":0},"end":{"line":1,"column":28}},"1":{"start":{"line":2,"column":0},"end":{"line":2,"column":51}},"2":{"start":{"line":3,"column":0},"end":{"line":3,"column":36}},"3":{"start":{"line":4,"column":0},"end":{"line":4,"column":28}},"4":{"start":{"line":5,"column":0},"end":{"line":5,"column":32}},"5":{"start":{"line":6,"column":0},"end":{"line":6,"column":5}},"6":{"start":{"line":7,"column":0},"end":{"line":7,"column":1}}},"s":{"0":2,"1":2,"2":1,"3":1,"4":1,"5":1,"6":1},"branchMap":{"0":{"type":"branch","line":1,"loc":{"start":{"line":1,"column":0},"end":{"line":3,"column":12}},"locations":[{"start":{"line":1,"column":0},"end":{"line":3,"column":12}}]}},"b":{"0":[2]},"fnMap":{"0":{"name":"Order","decl":{"start":{"line":1,"column":0},"end":{"line":3,"column":12}},"loc":{"start":{"line":1,"column":0},"end":{"line":3,"column":12}},"line":1}},"f":{"0":2}}
,"C:\\Users\\edugr\\OneDrive\\Documents\\Pessoal\\Curso\\Edu\\JSExpert\\modulo07\\behavioral\\03.template-method\\src\\util\\exception.js": {"path":"C:\\Users\\edugr\\OneDrive\\Documents\\Pessoal\\Curso\\Edu\\JSExpert\\modulo07\\behavioral\\03.template-method\\src\\util\\exception.js","all":false,"statementMap":{"0":{"start":{"line":1,"column":0},"end":{"line":1,"column":45}},"1":{"start":{"line":2,"column":0},"end":{"line":2,"column":26}},"2":{"start":{"line":3,"column":0},"end":{"line":3,"column":63}},"3":{"start":{"line":4,"column":0},"end":{"line":4,"column":45}},"4":{"start":{"line":5,"column":0},"end":{"line":5,"column":5}},"5":{"start":{"line":6,"column":0},"end":{"line":6,"column":1}},"6":{"start":{"line":7,"column":0},"end":{"line":7,"column":0}},"7":{"start":{"line":8,"column":0},"end":{"line":8,"column":34}}},"s":{"0":4,"1":4,"2":1,"3":1,"4":1,"5":1,"6":1,"7":1},"branchMap":{"0":{"type":"branch","line":1,"loc":{"start":{"line":1,"column":0},"end":{"line":3,"column":25}},"locations":[{"start":{"line":1,"column":0},"end":{"line":3,"column":25}}]}},"b":{"0":[4]},"fnMap":{"0":{"name":"NotImplementedException","decl":{"start":{"line":1,"column":0},"end":{"line":3,"column":25}},"loc":{"start":{"line":1,"column":0},"end":{"line":3,"column":25}},"line":1}},"f":{"0":4}}
}
