{"C:\\Users\\edugr\\OneDrive\\Documents\\Pessoal\\Curso\\Edu\\JSExpert\\modulo07\\behavioral\\02.observer\\src\\events\\payment.js": {"path":"C:\\Users\\edugr\\OneDrive\\Documents\\Pessoal\\Curso\\Edu\\JSExpert\\modulo07\\behavioral\\02.observer\\src\\events\\payment.js","all":false,"statementMap":{"0":{"start":{"line":1,"column":0},"end":{"line":1,"column":30}},"1":{"start":{"line":2,"column":0},"end":{"line":2,"column":34}},"2":{"start":{"line":3,"column":0},"end":{"line":3,"column":46}},"3":{"start":{"line":4,"column":0},"end":{"line":4,"column":5}},"4":{"start":{"line":5,"column":0},"end":{"line":5,"column":0}},"5":{"start":{"line":6,"column":0},"end":{"line":6,"column":29}},"6":{"start":{"line":7,"column":0},"end":{"line":7,"column":71}},"7":{"start":{"line":8,"column":0},"end":{"line":8,"column":48}},"8":{"start":{"line":9,"column":0},"end":{"line":9,"column":5}},"9":{"start":{"line":10,"column":0},"end":{"line":10,"column":1}}},"s":{"0":1,"1":2,"2":2,"3":2,"4":2,"5":2,"6":1,"7":1,"8":1,"9":1},"branchMap":{"0":{"type":"branch","line":1,"loc":{"start":{"line":1,"column":0},"end":{"line":1,"column":28}},"locations":[{"start":{"line":1,"column":0},"end":{"line":1,"column":28}}]},"1":{"type":"branch","line":1,"loc":{"start":{"line":1,"column":21},"end":{"line":7,"column":48}},"locations":[{"start":{"line":1,"column":21},"end":{"line":7,"column":48}}]}},"b":{"0":[2],"1":[2]},"fnMap":{"0":{"name":"Payment","decl":{"start":{"line":1,"column":0},"end":{"line":1,"column":28}},"loc":{"start":{"line":1,"column":0},"end":{"line":1,"column":28}},"line":1},"1":{"name":"creditCard","decl":{"start":{"line":1,"column":21},"end":{"line":7,"column":48}},"loc":{"start":{"line":1,"column":21},"end":{"line":7,"column":48}},"line":1}},"f":{"0":2,"1":2}}
,"C:\\Users\\edugr\\OneDrive\\Documents\\Pessoal\\Curso\\Edu\\JSExpert\\modulo07\\behavioral\\02.observer\\src\\observers\\markeing.js": {"path":"C:\\Users\\edugr\\OneDrive\\Documents\\Pessoal\\Curso\\Edu\\JSExpert\\modulo07\\behavioral\\02.observer\\src\\observers\\markeing.js","all":false,"statementMap":{"0":{"start":{"line":1,"column":0},"end":{"line":1,"column":32}},"1":{"start":{"line":2,"column":0},"end":{"line":2,"column":27}},"2":{"start":{"line":3,"column":0},"end":{"line":3,"column":92}},"3":{"start":{"line":4,"column":0},"end":{"line":4,"column":98}},"4":{"start":{"line":5,"column":0},"end":{"line":5,"column":34}},"5":{"start":{"line":6,"column":0},"end":{"line":6,"column":86}},"6":{"start":{"line":7,"column":0},"end":{"line":7,"column":5}},"7":{"start":{"line":8,"column":0},"end":{"line":8,"column":1}}},"s":{"0":1,"1":1,"2":1,"3":1,"4":1,"5":1,"6":1,"7":1},"branchMap":{"0":{"type":"branch","line":1,"loc":{"start":{"line":1,"column":0},"end":{"line":5,"column":34}},"locations":[{"start":{"line":1,"column":0},"end":{"line":5,"column":34}}]}},"b":{"0":[1]},"fnMap":{"0":{"name":"update","decl":{"start":{"line":1,"column":0},"end":{"line":5,"column":34}},"loc":{"start":{"line":1,"column":0},"end":{"line":5,"column":34}},"line":1}},"f":{"0":1}}
,"C:\\Users\\edugr\\OneDrive\\Documents\\Pessoal\\Curso\\Edu\\JSExpert\\modulo07\\behavioral\\02.observer\\src\\observers\\shipment.js": {"path":"C:\\Users\\edugr\\OneDrive\\Documents\\Pessoal\\Curso\\Edu\\JSExpert\\modulo07\\behavioral\\02.observer\\src\\observers\\shipment.js","all":false,"statementMap":{"0":{"start":{"line":1,"column":0},"end":{"line":1,"column":31}},"1":{"start":{"line":2,"column":0},"end":{"line":2,"column":27}},"2":{"start":{"line":3,"column":0},"end":{"line":3,"column":85}},"3":{"start":{"line":4,"column":0},"end":{"line":4,"column":5}},"4":{"start":{"line":5,"column":0},"end":{"line":5,"column":1}}},"s":{"0":1,"1":1,"2":1,"3":1,"4":1},"branchMap":{"0":{"type":"branch","line":1,"loc":{"start":{"line":1,"column":0},"end":{"line":2,"column":26}},"locations":[{"start":{"line":1,"column":0},"end":{"line":2,"column":26}}]}},"b":{"0":[1]},"fnMap":{"0":{"name":"update","decl":{"start":{"line":1,"column":0},"end":{"line":2,"column":26}},"loc":{"start":{"line":1,"column":0},"end":{"line":2,"column":26}},"line":1}},"f":{"0":1}}
,"C:\\Users\\edugr\\OneDrive\\Documents\\Pessoal\\Curso\\Edu\\JSExpert\\modulo07\\behavioral\\02.observer\\src\\subjects\\paymentSubject.js": {"path":"C:\\Users\\edugr\\OneDrive\\Documents\\Pessoal\\Curso\\Edu\\JSExpert\\modulo07\\behavioral\\02.observer\\src\\subjects\\paymentSubject.js","all":false,"statementMap":{"0":{"start":{"line":1,"column":0},"end":{"line":1,"column":37}},"1":{"start":{"line":2,"column":0},"end":{"line":2,"column":25}},"2":{"start":{"line":3,"column":0},"end":{"line":3,"column":18}},"3":{"start":{"line":4,"column":0},"end":{"line":4,"column":65}},"4":{"start":{"line":5,"column":0},"end":{"line":5,"column":5}},"5":{"start":{"line":6,"column":0},"end":{"line":6,"column":0}},"6":{"start":{"line":7,"column":0},"end":{"line":7,"column":29}},"7":{"start":{"line":8,"column":0},"end":{"line":8,"column":41}},"8":{"start":{"line":9,"column":0},"end":{"line":9,"column":5}},"9":{"start":{"line":10,"column":0},"end":{"line":10,"column":0}},"10":{"start":{"line":11,"column":0},"end":{"line":11,"column":27}},"11":{"start":{"line":12,"column":0},"end":{"line":12,"column":38}},"12":{"start":{"line":13,"column":0},"end":{"line":13,"column":5}},"13":{"start":{"line":14,"column":0},"end":{"line":14,"column":1}}},"s":{"0":4,"1":1,"2":1,"3":1,"4":4,"5":4,"6":4,"7":1,"8":1,"9":1,"10":1,"11":1,"12":1,"13":1},"branchMap":{"0":{"type":"branch","line":1,"loc":{"start":{"line":1,"column":0},"end":{"line":2,"column":23}},"locations":[{"start":{"line":1,"column":0},"end":{"line":2,"column":23}}]},"1":{"type":"branch","line":1,"loc":{"start":{"line":1,"column":15},"end":{"line":2,"column":16}},"locations":[{"start":{"line":1,"column":15},"end":{"line":2,"column":16}}]},"2":{"type":"branch","line":2,"loc":{"start":{"line":2,"column":23},"end":{"line":4,"column":52}},"locations":[{"start":{"line":2,"column":23},"end":{"line":4,"column":52}}]},"3":{"type":"branch","line":4,"loc":{"start":{"line":4,"column":52},"end":{"line":8,"column":23}},"locations":[{"start":{"line":4,"column":52},"end":{"line":8,"column":23}}]}},"b":{"0":[4],"1":[3],"2":[1],"3":[4]},"fnMap":{"0":{"name":"notify","decl":{"start":{"line":1,"column":0},"end":{"line":2,"column":23}},"loc":{"start":{"line":1,"column":0},"end":{"line":2,"column":23}},"line":1},"1":{"name":"unsubscribe","decl":{"start":{"line":2,"column":23},"end":{"line":4,"column":52}},"loc":{"start":{"line":2,"column":23},"end":{"line":4,"column":52}},"line":2},"2":{"name":"subscribe","decl":{"start":{"line":4,"column":52},"end":{"line":8,"column":23}},"loc":{"start":{"line":4,"column":52},"end":{"line":8,"column":23}},"line":4}},"f":{"0":4,"1":1,"2":4}}
}
